Using pre-set license

 COMMAND LINE ARGUMENTS:
/Applications/Unity/Hub/Editor/2020.3.12f1/Unity.app/Contents/MacOS/Unity
-adb2
-batchMode
-noUpm
-name
AssetImportWorker0
-projectPath
/Users/vupham/Unity3D_Games/Tetrix
-logFile
Logs/AssetImportWorker0.log
-srvPort
64211
Successfully changed project path to: /Users/vupham/Unity3D_Games/Tetrix
/Users/vupham/Unity3D_Games/Tetrix
Using Asset Import Pipeline V2.
Refreshing native plugins compatible for Editor in 44.45 ms, found 2 plugins.
Preloading 0 native plugins for Editor in 0.00 ms.
Initialize engine version: 2020.3.12f1 (b3b2c6512326)
[Subsystems] Discovering subsystems at path /Applications/Unity/Hub/Editor/2020.3.12f1/Unity.app/Contents/Resources/UnitySubsystems
[Subsystems] Discovering subsystems at path /Users/vupham/Unity3D_Games/Tetrix/Assets
GfxDevice: creating device client; threaded=0
2021-09-04 00:25:09.372 Unity[55226:1226095] Color LCD preferred device: Intel(R) Iris(TM) Graphics 6000 (low power)
2021-09-04 00:25:09.372 Unity[55226:1226095] Metal devices available: 1
2021-09-04 00:25:09.372 Unity[55226:1226095] 0: Intel(R) Iris(TM) Graphics 6000 (low power)
2021-09-04 00:25:09.373 Unity[55226:1226095] Using device Intel(R) Iris(TM) Graphics 6000 (low power)
Initializing Metal device caps: Intel(R) Iris(TM) Graphics 6000
Initialize mono
Mono path[0] = '/Applications/Unity/Hub/Editor/2020.3.12f1/Unity.app/Contents/Managed'
Mono path[1] = '/Applications/Unity/Hub/Editor/2020.3.12f1/Unity.app/Contents/MonoBleedingEdge/lib/mono/unityjit'
Mono config path = '/Applications/Unity/Hub/Editor/2020.3.12f1/Unity.app/Contents/MonoBleedingEdge/etc'
Using monoOptions --debugger-agent=transport=dt_socket,embedding=1,server=y,suspend=n,address=127.0.0.1:56226
Begin MonoManager ReloadAssembly
Registering precompiled unity dll's ...
Register platform support module: /Applications/Unity/Hub/Editor/2020.3.12f1/PlaybackEngines/WebGLSupport/UnityEditor.WebGL.Extensions.dll
Register platform support module: /Applications/Unity/Hub/Editor/2020.3.12f1/Unity.app/Contents/PlaybackEngines/MacStandaloneSupport/UnityEditor.OSXStandalone.Extensions.dll
Registered in 0.003117 seconds.
Native extension for OSXStandalone target not found
Native extension for WebGL target not found
Refreshing native plugins compatible for Editor in 41.53 ms, found 2 plugins.
Preloading 0 native plugins for Editor in 0.00 ms.
Mono: successfully reloaded assembly
- Completed reload, in  2.443 seconds
Platform modules already initialized, skipping
Registering precompiled user dll's ...
Registered in 0.007295 seconds.
Begin MonoManager ReloadAssembly
Native extension for OSXStandalone target not found
Native extension for WebGL target not found
Refreshing native plugins compatible for Editor in 0.36 ms, found 2 plugins.
Preloading 0 native plugins for Editor in 0.00 ms.
Mono: successfully reloaded assembly
- Completed reload, in  1.975 seconds
Platform modules already initialized, skipping
========================================================================
Worker process is ready to serve import requests
Launching external process: /Applications/Unity/Hub/Editor/2020.3.12f1/Unity.app/Contents/Tools/UnityShaderCompiler
Launched and connected shader compiler UnityShaderCompiler after 0.02 seconds
Refreshing native plugins compatible for Editor in 0.97 ms, found 2 plugins.
Preloading 0 native plugins for Editor in 0.00 ms.
Unloading 1402 Unused Serialized files (Serialized files now loaded: 0)
System memory in use before: 136.9 MB.
System memory in use after: 136.9 MB.

Unloading 19 unused Assets to reduce memory usage. Loaded Objects now: 1837.
Total: 4.817471 ms (FindLiveObjects: 0.514645 ms CreateObjectMapping: 0.176634 ms MarkObjects: 3.931125 ms  DeleteObjects: 0.192720 ms)

AssetImportParameters requested are different than current active one (requested -> active):
  custom:video-decoder-ogg-theora: a1e56fd34408186e4bbccfd4996cb3dc -> 
  custom:container-muxer-webm: aa71ff27fc2769a1b78a27578f13a17b -> 
  custom:container-demuxer-webm: 4f35f7cbe854078d1ac9338744f61a02 -> 
  custom:container-demuxer-ogg: 62fdf1f143b41e24485cea50d1cbac27 -> 
  custom:video-encoder-webm-vp8: eb34c28f22e8b96e1ab97ce403110664 -> 
  custom:framework-osx-AVFoundation: b23960f63f64bdc6ff669e2cdcee2391 -> 
  custom:video-decoder-webm-vp8: 9c59270c3fd7afecdb556c50c9e8de78 -> 
  custom:audio-decoder-ogg-vorbis: bf7c407c2cedff20999df2af8eb42d56 -> 
  custom:audio-encoder-webm-vorbis: bf7c407c2cedff20999df2af8eb42d56 -> 
========================================================================
Received Import Request.
  path: Assets/Images
  artifactKey: Guid(aa08ec63be187406984aaab73e29a9b0) Importer(815301076,1909f56bfc062723c751e8b465ee728b)
Start importing Assets/Images using Guid(aa08ec63be187406984aaab73e29a9b0) Importer(815301076,1909f56bfc062723c751e8b465ee728b)  -> (artifact id: '56932bbf166366e823ee6e6d67fd4143') in 0.014990 seconds 
  Import took 0.022332 seconds .

========================================================================
Received Import Request.
  Time since last request: 0.001464 seconds.
  path: Assets/music_dibeboi.mp3
  artifactKey: Guid(afad3e81686f6462193cf6b5b2921f98) Importer(815301076,1909f56bfc062723c751e8b465ee728b)
Start importing Assets/music_dibeboi.mp3 using Guid(afad3e81686f6462193cf6b5b2921f98) Importer(815301076,1909f56bfc062723c751e8b465ee728b)  -> (artifact id: '2ebba8f3ffd566424ca5e97c195e871e') in 3.363549 seconds 
  Import took 3.369106 seconds .

========================================================================
Received Import Request.
  Time since last request: 0.000217 seconds.
  path: Assets/music_dibeboi.mp3
  artifactKey: Guid(afad3e81686f6462193cf6b5b2921f98) Importer(815301076,1909f56bfc062723c751e8b465ee728b)
Start importing Assets/music_dibeboi.mp3 using Guid(afad3e81686f6462193cf6b5b2921f98) Importer(815301076,1909f56bfc062723c751e8b465ee728b)  -> (artifact id: '2ebba8f3ffd566424ca5e97c195e871e') in 0.012118 seconds 
  Import took 0.015626 seconds .

========================================================================
Received Import Request.
  Time since last request: 0.000320 seconds.
  path: Assets/loop_dibeboi.mp3
  artifactKey: Guid(27b36ee344ed64bf29f3e1916c763384) Importer(815301076,1909f56bfc062723c751e8b465ee728b)
Start importing Assets/loop_dibeboi.mp3 using Guid(27b36ee344ed64bf29f3e1916c763384) Importer(815301076,1909f56bfc062723c751e8b465ee728b)  -> (artifact id: 'ab77eab88ceb2fa06d8e3b0c7e72bf7b') in 0.016141 seconds 
  Import took 0.022410 seconds .

========================================================================
Received Import Request.
  Time since last request: 4.213222 seconds.
  path: Assets/Audio
  artifactKey: Guid(853b27ac21c7c4152955cc65459b3959) Importer(815301076,1909f56bfc062723c751e8b465ee728b)
Start importing Assets/Audio using Guid(853b27ac21c7c4152955cc65459b3959) Importer(815301076,1909f56bfc062723c751e8b465ee728b)  -> (artifact id: 'f0aa2efddfde68625dc49b8ceaa01da7') in 0.004692 seconds 
  Import took 0.014644 seconds .

========================================================================
Received Import Request.
  Time since last request: 358.335698 seconds.
  path: Assets/Audio/loop_dibeboi.mp3
  artifactKey: Guid(27b36ee344ed64bf29f3e1916c763384) Importer(815301076,1909f56bfc062723c751e8b465ee728b)
Start importing Assets/Audio/loop_dibeboi.mp3 using Guid(27b36ee344ed64bf29f3e1916c763384) Importer(815301076,1909f56bfc062723c751e8b465ee728b)  -> (artifact id: '2929f2bb2b39a5629a448690909f56ff') in 0.038405 seconds 
  Import took 0.044531 seconds .

========================================================================
Received Import Request.
  Time since last request: 0.004734 seconds.
  path: Assets/Audio/loop_dibeboi.mp3
  artifactKey: Guid(27b36ee344ed64bf29f3e1916c763384) Importer(815301076,1909f56bfc062723c751e8b465ee728b)
Start importing Assets/Audio/loop_dibeboi.mp3 using Guid(27b36ee344ed64bf29f3e1916c763384) Importer(815301076,1909f56bfc062723c751e8b465ee728b)  -> (artifact id: '2929f2bb2b39a5629a448690909f56ff') in 0.033497 seconds 
  Import took 0.084907 seconds .

========================================================================
Received Import Request.
  Time since last request: 55.900035 seconds.
  path: Assets/Audio/loop_dibeboi.mp3
  artifactKey: Guid(27b36ee344ed64bf29f3e1916c763384) Importer(815301076,1909f56bfc062723c751e8b465ee728b)
Start importing Assets/Audio/loop_dibeboi.mp3 using Guid(27b36ee344ed64bf29f3e1916c763384) Importer(815301076,1909f56bfc062723c751e8b465ee728b)  -> (artifact id: '3d3f563a7d106f3a6f75fe337c2a60af') in 0.038711 seconds 
  Import took 0.046927 seconds .

========================================================================
Received Import Request.
  Time since last request: 0.000267 seconds.
  path: Assets/Audio/music_dibeboi.mp3
  artifactKey: Guid(afad3e81686f6462193cf6b5b2921f98) Importer(815301076,1909f56bfc062723c751e8b465ee728b)
Start importing Assets/Audio/music_dibeboi.mp3 using Guid(afad3e81686f6462193cf6b5b2921f98) Importer(815301076,1909f56bfc062723c751e8b465ee728b)  -> (artifact id: '0df6f911df94ba3131810cec29f08d38') in 0.033801 seconds 
  Import took 0.040763 seconds .

========================================================================
Received Prepare
Registering precompiled user dll's ...
Registered in 0.008265 seconds.
Begin MonoManager ReloadAssembly
Native extension for OSXStandalone target not found
Native extension for WebGL target not found
Refreshing native plugins compatible for Editor in 0.41 ms, found 2 plugins.
Preloading 0 native plugins for Editor in 0.00 ms.
Mono: successfully reloaded assembly
- Completed reload, in  1.896 seconds
Platform modules already initialized, skipping
Refreshing native plugins compatible for Editor in 0.55 ms, found 2 plugins.
Preloading 0 native plugins for Editor in 0.00 ms.
Unloading 1384 Unused Serialized files (Serialized files now loaded: 0)
System memory in use before: 143.6 MB.
System memory in use after: 143.7 MB.

Unloading 14 unused Assets to reduce memory usage. Loaded Objects now: 1849.
Total: 2.527248 ms (FindLiveObjects: 0.220197 ms CreateObjectMapping: 0.052254 ms MarkObjects: 2.190193 ms  DeleteObjects: 0.063420 ms)

AssetImportParameters requested are different than current active one (requested -> active):
  custom:video-decoder-ogg-theora: a1e56fd34408186e4bbccfd4996cb3dc -> 
  custom:container-muxer-webm: aa71ff27fc2769a1b78a27578f13a17b -> 
  custom:container-demuxer-webm: 4f35f7cbe854078d1ac9338744f61a02 -> 
  custom:container-demuxer-ogg: 62fdf1f143b41e24485cea50d1cbac27 -> 
  custom:video-encoder-webm-vp8: eb34c28f22e8b96e1ab97ce403110664 -> 
  custom:framework-osx-AVFoundation: b23960f63f64bdc6ff669e2cdcee2391 -> 
  custom:video-decoder-webm-vp8: 9c59270c3fd7afecdb556c50c9e8de78 -> 
  custom:audio-decoder-ogg-vorbis: bf7c407c2cedff20999df2af8eb42d56 -> 
  custom:audio-encoder-webm-vorbis: bf7c407c2cedff20999df2af8eb42d56 -> 
========================================================================
Received Import Request.
  Time since last request: 176.323175 seconds.
  path: Assets/Audio/music_dibeboi.mp3
  artifactKey: Guid(afad3e81686f6462193cf6b5b2921f98) Importer(815301076,1909f56bfc062723c751e8b465ee728b)
Start importing Assets/Audio/music_dibeboi.mp3 using Guid(afad3e81686f6462193cf6b5b2921f98) Importer(815301076,1909f56bfc062723c751e8b465ee728b)  -> (artifact id: 'b9b65722163a564bd67e522ede9d15f3') in 0.123391 seconds 
  Import took 0.129450 seconds .

========================================================================
Received Prepare
Registering precompiled user dll's ...
Registered in 0.008944 seconds.
Begin MonoManager ReloadAssembly
Native extension for OSXStandalone target not found
Native extension for WebGL target not found
Refreshing native plugins compatible for Editor in 0.49 ms, found 2 plugins.
Preloading 0 native plugins for Editor in 0.00 ms.
Mono: successfully reloaded assembly
- Completed reload, in  2.104 seconds
Platform modules already initialized, skipping
Refreshing native plugins compatible for Editor in 0.69 ms, found 2 plugins.
Preloading 0 native plugins for Editor in 0.00 ms.
Unloading 1384 Unused Serialized files (Serialized files now loaded: 0)
System memory in use before: 143.8 MB.
System memory in use after: 143.9 MB.

Unloading 14 unused Assets to reduce memory usage. Loaded Objects now: 1853.
Total: 2.241620 ms (FindLiveObjects: 0.186088 ms CreateObjectMapping: 0.050283 ms MarkObjects: 1.935600 ms  DeleteObjects: 0.068032 ms)

AssetImportParameters requested are different than current active one (requested -> active):
  custom:video-decoder-ogg-theora: a1e56fd34408186e4bbccfd4996cb3dc -> 
  custom:container-muxer-webm: aa71ff27fc2769a1b78a27578f13a17b -> 
  custom:container-demuxer-webm: 4f35f7cbe854078d1ac9338744f61a02 -> 
  custom:container-demuxer-ogg: 62fdf1f143b41e24485cea50d1cbac27 -> 
  custom:video-encoder-webm-vp8: eb34c28f22e8b96e1ab97ce403110664 -> 
  custom:framework-osx-AVFoundation: b23960f63f64bdc6ff669e2cdcee2391 -> 
  custom:video-decoder-webm-vp8: 9c59270c3fd7afecdb556c50c9e8de78 -> 
  custom:audio-decoder-ogg-vorbis: bf7c407c2cedff20999df2af8eb42d56 -> 
  custom:audio-encoder-webm-vorbis: bf7c407c2cedff20999df2af8eb42d56 -> 
========================================================================
Received Import Request.
  Time since last request: 362.982728 seconds.
  path: Assets/Audio/loop2_dibeboi.mp3
  artifactKey: Guid(9c1ff4b5a2a484315a922cabd416aa8b) Importer(815301076,1909f56bfc062723c751e8b465ee728b)
Start importing Assets/Audio/loop2_dibeboi.mp3 using Guid(9c1ff4b5a2a484315a922cabd416aa8b) Importer(815301076,1909f56bfc062723c751e8b465ee728b)  -> (artifact id: '153f28a98aebaae291c0e616e24ea364') in 0.069201 seconds 
  Import took 0.073436 seconds .

========================================================================
Received Prepare
Registering precompiled user dll's ...
Registered in 0.007004 seconds.
Begin MonoManager ReloadAssembly
Native extension for OSXStandalone target not found
Native extension for WebGL target not found
Refreshing native plugins compatible for Editor in 0.39 ms, found 2 plugins.
Preloading 0 native plugins for Editor in 0.00 ms.
Mono: successfully reloaded assembly
- Completed reload, in  1.893 seconds
Platform modules already initialized, skipping
Refreshing native plugins compatible for Editor in 0.53 ms, found 2 plugins.
Preloading 0 native plugins for Editor in 0.00 ms.
Unloading 1384 Unused Serialized files (Serialized files now loaded: 0)
System memory in use before: 144.0 MB.
System memory in use after: 144.1 MB.

Unloading 14 unused Assets to reduce memory usage. Loaded Objects now: 1857.
Total: 2.287006 ms (FindLiveObjects: 0.196840 ms CreateObjectMapping: 0.050621 ms MarkObjects: 1.956525 ms  DeleteObjects: 0.081641 ms)

AssetImportParameters requested are different than current active one (requested -> active):
  custom:video-decoder-ogg-theora: a1e56fd34408186e4bbccfd4996cb3dc -> 
  custom:container-muxer-webm: aa71ff27fc2769a1b78a27578f13a17b -> 
  custom:container-demuxer-webm: 4f35f7cbe854078d1ac9338744f61a02 -> 
  custom:container-demuxer-ogg: 62fdf1f143b41e24485cea50d1cbac27 -> 
  custom:video-encoder-webm-vp8: eb34c28f22e8b96e1ab97ce403110664 -> 
  custom:framework-osx-AVFoundation: b23960f63f64bdc6ff669e2cdcee2391 -> 
  custom:video-decoder-webm-vp8: 9c59270c3fd7afecdb556c50c9e8de78 -> 
  custom:audio-decoder-ogg-vorbis: bf7c407c2cedff20999df2af8eb42d56 -> 
  custom:audio-encoder-webm-vorbis: bf7c407c2cedff20999df2af8eb42d56 -> 
========================================================================
Received Prepare
Registering precompiled user dll's ...
Registered in 0.007724 seconds.
Begin MonoManager ReloadAssembly
Native extension for OSXStandalone target not found
Native extension for WebGL target not found
Refreshing native plugins compatible for Editor in 0.36 ms, found 2 plugins.
Preloading 0 native plugins for Editor in 0.00 ms.
Mono: successfully reloaded assembly
- Completed reload, in  2.076 seconds
Platform modules already initialized, skipping
Refreshing native plugins compatible for Editor in 0.53 ms, found 2 plugins.
Preloading 0 native plugins for Editor in 0.00 ms.
Unloading 1384 Unused Serialized files (Serialized files now loaded: 0)
System memory in use before: 144.2 MB.
System memory in use after: 144.3 MB.

Unloading 14 unused Assets to reduce memory usage. Loaded Objects now: 1860.
Total: 2.290257 ms (FindLiveObjects: 0.171978 ms CreateObjectMapping: 0.052453 ms MarkObjects: 1.965405 ms  DeleteObjects: 0.098638 ms)

AssetImportParameters requested are different than current active one (requested -> active):
  custom:video-decoder-ogg-theora: a1e56fd34408186e4bbccfd4996cb3dc -> 
  custom:container-muxer-webm: aa71ff27fc2769a1b78a27578f13a17b -> 
  custom:container-demuxer-webm: 4f35f7cbe854078d1ac9338744f61a02 -> 
  custom:container-demuxer-ogg: 62fdf1f143b41e24485cea50d1cbac27 -> 
  custom:video-encoder-webm-vp8: eb34c28f22e8b96e1ab97ce403110664 -> 
  custom:framework-osx-AVFoundation: b23960f63f64bdc6ff669e2cdcee2391 -> 
  custom:video-decoder-webm-vp8: 9c59270c3fd7afecdb556c50c9e8de78 -> 
  custom:audio-decoder-ogg-vorbis: bf7c407c2cedff20999df2af8eb42d56 -> 
  custom:audio-encoder-webm-vorbis: bf7c407c2cedff20999df2af8eb42d56 -> 
========================================================================
Received Import Request.
  Time since last request: 254.582946 seconds.
  path: Assets/Scenes/Menu.unity
  artifactKey: Guid(ef6eaa931963c46f8b285bdc06840191) Importer(815301076,1909f56bfc062723c751e8b465ee728b)
Start importing Assets/Scenes/Menu.unity using Guid(ef6eaa931963c46f8b285bdc06840191) Importer(815301076,1909f56bfc062723c751e8b465ee728b)  -> (artifact id: 'c37a7f40e581bd6099e33c3356eccffc') in 0.026819 seconds 
  Import took 0.031999 seconds .

========================================================================
Received Prepare
Registering precompiled user dll's ...
Registered in 0.008639 seconds.
Begin MonoManager ReloadAssembly
Native extension for OSXStandalone target not found
Native extension for WebGL target not found
Refreshing native plugins compatible for Editor in 0.45 ms, found 2 plugins.
Preloading 0 native plugins for Editor in 0.00 ms.
Mono: successfully reloaded assembly
- Completed reload, in  2.658 seconds
Platform modules already initialized, skipping
Refreshing native plugins compatible for Editor in 0.81 ms, found 2 plugins.
Preloading 0 native plugins for Editor in 0.00 ms.
Unloading 1384 Unused Serialized files (Serialized files now loaded: 0)
System memory in use before: 144.4 MB.
System memory in use after: 144.4 MB.

Unloading 14 unused Assets to reduce memory usage. Loaded Objects now: 1863.
Total: 6.071424 ms (FindLiveObjects: 0.559155 ms CreateObjectMapping: 0.204858 ms MarkObjects: 5.014840 ms  DeleteObjects: 0.289802 ms)

AssetImportParameters requested are different than current active one (requested -> active):
  custom:video-decoder-ogg-theora: a1e56fd34408186e4bbccfd4996cb3dc -> 
  custom:container-muxer-webm: aa71ff27fc2769a1b78a27578f13a17b -> 
  custom:container-demuxer-webm: 4f35f7cbe854078d1ac9338744f61a02 -> 
  custom:container-demuxer-ogg: 62fdf1f143b41e24485cea50d1cbac27 -> 
  custom:video-encoder-webm-vp8: eb34c28f22e8b96e1ab97ce403110664 -> 
  custom:framework-osx-AVFoundation: b23960f63f64bdc6ff669e2cdcee2391 -> 
  custom:video-decoder-webm-vp8: 9c59270c3fd7afecdb556c50c9e8de78 -> 
  custom:audio-decoder-ogg-vorbis: bf7c407c2cedff20999df2af8eb42d56 -> 
  custom:audio-encoder-webm-vorbis: bf7c407c2cedff20999df2af8eb42d56 -> 
========================================================================
Received Prepare
Refreshing native plugins compatible for Editor in 4.38 ms, found 2 plugins.
Preloading 0 native plugins for Editor in 0.00 ms.
Unloading 12 Unused Serialized files (Serialized files now loaded: 0)
System memory in use before: 117.3 MB.
System memory in use after: 117.4 MB.

Unloading 12 unused Assets to reduce memory usage. Loaded Objects now: 1863.
Total: 3.176735 ms (FindLiveObjects: 0.249581 ms CreateObjectMapping: 0.102250 ms MarkObjects: 2.726780 ms  DeleteObjects: 0.083965 ms)

AssetImportParameters requested are different than current active one (requested -> active):
  custom:video-decoder-ogg-theora: a1e56fd34408186e4bbccfd4996cb3dc -> 
  custom:container-muxer-webm: aa71ff27fc2769a1b78a27578f13a17b -> 
  custom:container-demuxer-webm: 4f35f7cbe854078d1ac9338744f61a02 -> 
  custom:container-demuxer-ogg: 62fdf1f143b41e24485cea50d1cbac27 -> 
  custom:video-encoder-webm-vp8: eb34c28f22e8b96e1ab97ce403110664 -> 
  custom:framework-osx-AVFoundation: b23960f63f64bdc6ff669e2cdcee2391 -> 
  custom:video-decoder-webm-vp8: 9c59270c3fd7afecdb556c50c9e8de78 -> 
  custom:audio-decoder-ogg-vorbis: bf7c407c2cedff20999df2af8eb42d56 -> 
  custom:audio-encoder-webm-vorbis: bf7c407c2cedff20999df2af8eb42d56 -> 
